SF:lib/screens/user_list/view/user_list_view.dart
DA:9,1
DA:11,1
DA:12,1
DA:17,1
DA:19,1
DA:20,1
DA:25,1
DA:26,2
DA:27,0
DA:28,0
DA:29,0
DA:31,0
DA:32,0
DA:39,0
DA:40,0
DA:41,0
DA:42,0
DA:43,0
DA:44,0
DA:45,0
DA:47,0
DA:48,0
DA:51,0
DA:52,0
LF:24
LH:8
end_of_record
SF:lib/domain/model/user_list/user_list.dart
DA:6,0
DA:12,0
DA:13,0
DA:16,0
DA:18,0
DA:21,0
DA:22,0
LF:7
LH:0
end_of_record
SF:lib/domain/repositories/user_list/user_list_repository.dart
DA:11,1
DA:14,1
DA:15,0
DA:16,0
DA:17,0
DA:18,0
DA:19,0
DA:23,0
DA:24,0
DA:25,0
LF:10
LH:2
end_of_record
SF:lib/exceptions/server_exception.dart
DA:6,0
DA:7,0
DA:8,0
LF:3
LH:0
end_of_record
SF:lib/utils/logger.dart
DA:4,0
DA:6,0
LF:2
LH:0
end_of_record
SF:lib/domain/repository.dart
DA:14,0
DA:15,0
DA:16,0
DA:17,0
DA:18,0
DA:19,0
DA:20,0
DA:22,1
DA:23,2
DA:25,0
DA:26,0
DA:27,0
DA:29,0
DA:30,0
DA:33,0
DA:36,0
DA:38,0
DA:41,0
DA:42,0
DA:43,0
DA:45,0
DA:46,0
DA:47,0
DA:51,0
DA:54,0
DA:57,0
DA:58,0
DA:59,0
DA:60,0
DA:61,0
DA:62,0
DA:63,0
DA:65,0
LF:33
LH:2
end_of_record
SF:lib/screens/user_list/view_model/user_list_view_model.dart
DA:14,3
DA:16,1
DA:17,1
DA:20,1
DA:21,2
DA:24,0
DA:27,0
DA:29,0
LF:8
LH:5
end_of_record
SF:lib/screens/user_list_details/view/user_list_details_view.dart
DA:8,0
DA:11,0
DA:12,0
DA:16,0
DA:18,0
DA:19,0
DA:23,0
DA:26,0
DA:27,0
DA:29,0
DA:31,0
DA:32,0
DA:33,0
DA:34,0
DA:36,0
DA:38,0
DA:39,0
DA:40,0
DA:46,0
DA:47,0
DA:48,0
DA:49,0
LF:22
LH:0
end_of_record
SF:lib/shared/widgets/center_app_bar.dart
DA:5,1
DA:12,1
DA:13,1
DA:15,1
DA:17,4
DA:18,1
DA:29,0
DA:30,0
DA:31,0
DA:32,0
DA:34,0
DA:35,0
DA:38,1
DA:40,0
LF:14
LH:7
end_of_record
